<?xml version="1.0" encoding="UTF-8"?>
<testng-results ignored="0" total="1" passed="1" failed="0" skipped="0">
  <reporter-output>
  </reporter-output>
  <suite started-at="2022-11-21T15:50:00 IST" name="Default suite" finished-at="2022-11-21T15:51:52 IST" duration-ms="112142">
    <groups>
    </groups>
    <test started-at="2022-11-21T15:50:00 IST" name="Default test" finished-at="2022-11-21T15:51:52 IST" duration-ms="112142">
      <class name="com.Redbus.RedbusModule.Redbus_HomePageTestCase">
        <test-method is-config="true" signature="connectToDatabase()[pri:0, instance:com.Redbus.RedbusModule.Redbus_HomePageTestCase@66f57048]" started-at="2022-11-21T15:50:00 IST" name="connectToDatabase" finished-at="2022-11-21T15:50:00 IST" duration-ms="12" status="PASS">
          <reporter-output>
          </reporter-output>
        </test-method> <!-- connectToDatabase -->
        <test-method is-config="true" signature="precondition()[pri:0, instance:com.Redbus.RedbusModule.Redbus_HomePageTestCase@66f57048]" started-at="2022-11-21T15:50:00 IST" name="precondition" finished-at="2022-11-21T15:51:12 IST" duration-ms="72209" status="PASS">
          <reporter-output>
          </reporter-output>
        </test-method> <!-- precondition -->
        <test-method signature="book()[pri:0, instance:com.Redbus.RedbusModule.Redbus_HomePageTestCase@66f57048]" started-at="2022-11-21T15:51:12 IST" name="book" finished-at="2022-11-21T15:51:52 IST" duration-ms="39824" status="PASS">
          <reporter-output>
          </reporter-output>
        </test-method> <!-- book -->
        <test-method is-config="true" signature="disconnectToDatabase()[pri:0, instance:com.Redbus.RedbusModule.Redbus_HomePageTestCase@66f57048]" started-at="2022-11-21T15:51:52 IST" name="disconnectToDatabase" finished-at="2022-11-21T15:51:52 IST" duration-ms="1" status="PASS">
          <reporter-output>
          </reporter-output>
        </test-method> <!-- disconnectToDatabase -->
      </class> <!-- com.Redbus.RedbusModule.Redbus_HomePageTestCase -->
    </test> <!-- Default test -->
  </suite> <!-- Default suite -->
</testng-results>
